<?xml version="1.0" encoding="UTF-8"?>
<!-- Generated by org.testng.reporters.JUnitXMLReporter -->
<testsuite ignored="7" hostname="DESKTOP-V1LVTDJ" failures="0" tests="1" name="Default test" time="27.258" errors="0" timestamp="2023-07-13T14:48:26 IST">
  <testcase classname="com.geo.tests.MainPageTest" name="verifyingWithEnteringValidMobNoandOTP" time="16.789"/>
  <testcase classname="com.geo.tests.MainPageTest" name="verifyingWithEnteringInValidEmailIDData1_TC_MP_006" time="0.0">
    <ignored/>
  </testcase> <!-- verifyingWithEnteringInValidEmailIDData1_TC_MP_006 -->
  <testcase classname="com.geo.tests.MainPageTest" name="verifyingPlaceHolder_TC_MP_003" time="0.0">
    <ignored/>
  </testcase> <!-- verifyingPlaceHolder_TC_MP_003 -->
  <testcase classname="com.geo.tests.MainPageTest" name="verifyingWithEnteringInvalidEmailID_TC_MP_004" time="0.0">
    <ignored/>
  </testcase> <!-- verifyingWithEnteringInvalidEmailID_TC_MP_004 -->
  <testcase classname="com.geo.tests.MainPageTest" name="verifyingWithEnteringValidEmailID_TC_MP_005" time="0.0">
    <ignored/>
  </testcase> <!-- verifyingWithEnteringValidEmailID_TC_MP_005 -->
  <testcase classname="com.geo.tests.MainPageTest" name="verifyingWithEnteringInValidEmailIDData2_TC_MP_007" time="0.0">
    <ignored/>
  </testcase> <!-- verifyingWithEnteringInValidEmailIDData2_TC_MP_007 -->
  <testcase classname="com.geo.tests.MainPageTest" name="verifyngTitleOfThePage_TC_MP_001" time="0.0">
    <ignored/>
  </testcase> <!-- verifyngTitleOfThePage_TC_MP_001 -->
  <testcase classname="com.geo.tests.MainPageTest" name="verifyUsernameMaxLength_TC_MP_002" time="0.0">
    <ignored/>
  </testcase> <!-- verifyUsernameMaxLength_TC_MP_002 -->
</testsuite> <!-- Default test -->
