<?xml version="1.0" encoding="UTF-8"?>
<!-- Generated by org.testng.reporters.JUnitXMLReporter -->
<testsuite ignored="1" hostname="DESKTOP-GTB1GVA" failures="1" tests="1" name="Test" time="25.615" errors="0" timestamp="2023-06-21T09:55:48 IST">
  <testcase classname="com.tests.SearchFunctionalityTest" name="testSearchFeildFunctionality" time="0.139">
    <failure type="java.lang.AssertionError" message="Page title mismatch expected [Bing] but found [Google]">
      <![CDATA[java.lang.AssertionError: Page title mismatch expected [Bing] but found [Google]
at com.tests.SearchFunctionalityTest.testSearchFeildFunctionality(SearchFunctionalityTest.java:23)
at java.base/java.util.ArrayList.forEach(ArrayList.java:1511)
... Removed 32 stack frames]]>
    </failure>
  </testcase> <!-- testSearchFeildFunctionality -->
  <testcase classname="com.adc.base.TestBase" name="@BeforeTest setUp" time="0.0">
    <ignored/>
  </testcase> <!-- @BeforeTest setUp -->
</testsuite> <!-- Test -->
