<?xml version="1.0" encoding="UTF-8"?>
<!-- Generated by org.testng.reporters.JUnitXMLReporter -->
<testsuite ignored="2" hostname="DESKTOP-V1LVTDJ" failures="7" tests="9" name="Test" time="70.9" errors="0" timestamp="2023-07-13T14:27:24 IST">
  <testcase classname="com.geo.tests.DashBoardPageTest" name="enterValidMobNoandInvalidOTP" time="0.111">
    <failure type="java.lang.AssertionError" message="expected [Geoclean] but found [Geocycle]">
      <![CDATA[java.lang.AssertionError: expected [Geoclean] but found [Geocycle]
at com.geo.tests.DashBoardPageTest.enterValidMobNoandInvalidOTP(DashBoardPageTest.java:27)
at java.base/java.util.ArrayList.forEach(ArrayList.java:1511)
... Removed 33 stack frames]]>
    </failure>
  </testcase> <!-- enterValidMobNoandInvalidOTP -->
  <testcase classname="com.geo.tests.MainPageTest" name="verifyngTitleOfThePage_TC_MP_001" time="0.094">
    <failure type="java.lang.AssertionError" message="expected [Geoclean] but found [Geocycle]">
      <![CDATA[java.lang.AssertionError: expected [Geoclean] but found [Geocycle]
at com.geo.tests.MainPageTest.verifyngTitleOfThePage_TC_MP_001(MainPageTest.java:40)
at java.base/java.util.ArrayList.forEach(ArrayList.java:1511)
... Removed 33 stack frames]]>
    </failure>
  </testcase> <!-- verifyngTitleOfThePage_TC_MP_001 -->
  <testcase classname="com.geo.tests.MainPageTest" name="verifyUsernameMaxLength_TC_MP_002" time="4.485">
    <failure type="java.lang.AssertionError" message="Username length exceeds maximum allowed length expected [true] but found [false]">
      <![CDATA[java.lang.AssertionError: Username length exceeds maximum allowed length expected [true] but found [false]
at com.geo.tests.MainPageTest.verifyUsernameMaxLength_TC_MP_002(MainPageTest.java:56)
at java.base/java.util.ArrayList.forEach(ArrayList.java:1511)
... Removed 30 stack frames]]>
    </failure>
  </testcase> <!-- verifyUsernameMaxLength_TC_MP_002 -->
  <testcase classname="com.geo.tests.MainPageTest" name="verifyingPlaceHolder_TC_MP_003" time="0.147">
    <failure type="java.lang.AssertionError" message="expected [Email / Mobile Number] but found [Enter Email / Mobile Number]">
      <![CDATA[java.lang.AssertionError: expected [Email / Mobile Number] but found [Enter Email / Mobile Number]
at com.geo.tests.MainPageTest.verifyingPlaceHolder_TC_MP_003(MainPageTest.java:68)
at java.base/java.util.ArrayList.forEach(ArrayList.java:1511)
... Removed 33 stack frames]]>
    </failure>
  </testcase> <!-- verifyingPlaceHolder_TC_MP_003 -->
  <testcase classname="com.geo.tests.MainPageTest" name="verifyingWithEnteringInvalidEmailID_TC_MP_004" time="0.331">
    <failure type="java.lang.AssertionError" message="expected [false] but found [true]">
      <![CDATA[java.lang.AssertionError: expected [false] but found [true]
at com.geo.tests.MainPageTest.verifyingWithEnteringInvalidEmailID_TC_MP_004(MainPageTest.java:81)
at java.base/java.util.ArrayList.forEach(ArrayList.java:1511)
... Removed 34 stack frames]]>
    </failure>
  </testcase> <!-- verifyingWithEnteringInvalidEmailID_TC_MP_004 -->
  <testcase classname="com.geo.tests.MainPageTest" name="verifyingWithEnteringValidEmailID_TC_MP_005" time="2.605"/>
  <testcase classname="com.geo.tests.MainPageTest" name="verifyingWithEnteringInValidEmailIDData1_TC_MP_006" time="0.357">
    <failure type="java.lang.AssertionError" message="expected [false] but found [true]">
      <![CDATA[java.lang.AssertionError: expected [false] but found [true]
at com.geo.tests.MainPageTest.verifyingWithEnteringInValidEmailIDData1_TC_MP_006(MainPageTest.java:113)
at java.base/java.util.ArrayList.forEach(ArrayList.java:1511)
... Removed 34 stack frames]]>
    </failure>
  </testcase> <!-- verifyingWithEnteringInValidEmailIDData1_TC_MP_006 -->
  <testcase classname="com.geo.tests.MainPageTest" name="verifyingWithEnteringInValidEmailIDData2_TC_MP_007" time="0.419">
    <failure type="java.lang.AssertionError" message="expected [false] but found [true]">
      <![CDATA[java.lang.AssertionError: expected [false] but found [true]
at com.geo.tests.MainPageTest.verifyingWithEnteringInValidEmailIDData2_TC_MP_007(MainPageTest.java:130)
at java.base/java.util.ArrayList.forEach(ArrayList.java:1511)
... Removed 34 stack frames]]>
    </failure>
  </testcase> <!-- verifyingWithEnteringInValidEmailIDData2_TC_MP_007 -->
  <testcase classname="com.geo.tests.MainPageTest" name="verifyingWithEnteringValidMobNoandOTP" time="0.865"/>
  <testcase classname="com.adc.base.TestBase" name="@AfterTest tearDown" time="0.0">
    <ignored/>
  </testcase> <!-- @AfterTest tearDown -->
  <testcase classname="com.adc.base.TestBase" name="@AfterTest tearDown" time="0.0">
    <ignored/>
  </testcase> <!-- @AfterTest tearDown -->
</testsuite> <!-- Test -->
