<?xml version="1.0" encoding="UTF-8"?>
<testng-results ignored="0" total="1" passed="1" failed="0" skipped="0">
  <reporter-output>
  </reporter-output>
  <suite started-at="2023-07-13T14:47:59 IST" name="Default suite" finished-at="2023-07-13T14:48:26 IST" duration-ms="27258">
    <groups>
    </groups>
    <test started-at="2023-07-13T14:47:59 IST" name="Default test" finished-at="2023-07-13T14:48:26 IST" duration-ms="27258">
      <class name="com.geo.tests.MainPageTest">
        <test-method is-config="true" signature="preBase()[pri:0, instance:com.geo.tests.MainPageTest@35bfa1bb]" started-at="2023-07-13T14:47:59 IST" name="preBase" finished-at="2023-07-13T14:48:08 IST" duration-ms="9602" status="PASS">
          <reporter-output>
          </reporter-output>
        </test-method> <!-- preBase -->
        <test-method signature="verifyingWithEnteringValidMobNoandOTP()[pri:8, instance:com.geo.tests.MainPageTest@35bfa1bb]" started-at="2023-07-13T14:48:09 IST" name="verifyingWithEnteringValidMobNoandOTP" description="Verifying Login with valid email id Test data" finished-at="2023-07-13T14:48:25 IST" duration-ms="16789" status="PASS">
          <reporter-output>
          </reporter-output>
        </test-method> <!-- verifyingWithEnteringValidMobNoandOTP -->
        <test-method is-config="true" signature="tearDownTest()[pri:0, instance:com.geo.tests.MainPageTest@35bfa1bb]" started-at="2023-07-13T14:48:25 IST" name="tearDownTest" finished-at="2023-07-13T14:48:26 IST" duration-ms="320" status="PASS">
          <reporter-output>
          </reporter-output>
        </test-method> <!-- tearDownTest -->
        <test-method is-config="true" signature="tearDown()[pri:0, instance:com.geo.tests.MainPageTest@35bfa1bb]" started-at="2023-07-13T14:48:26 IST" name="tearDown" finished-at="2023-07-13T14:48:26 IST" duration-ms="1" status="PASS">
          <reporter-output>
          </reporter-output>
        </test-method> <!-- tearDown -->
      </class> <!-- com.geo.tests.MainPageTest -->
    </test> <!-- Default test -->
  </suite> <!-- Default suite -->
</testng-results>
